{"D:\\REact\\react\\src\\client\\config.js": {"path":"D:\\REact\\react\\src\\client\\config.js","statementMap":{"0":{"start":{"line":1,"column":13},"end":{"line":1,"column":7}}},"fnMap":{},"branchMap":{},"s":{"0":0},"f":{},"b":{}}
,"D:\\REact\\react\\src\\client\\history.js": {"path":"D:\\REact\\react\\src\\client\\history.js","statementMap":{"0":{"start":{"line":1,"column":0},"end":{"line":null,"column":-1}},"1":{"start":{"line":3,"column":16},"end":{"line":3,"column":0}}},"fnMap":{},"branchMap":{},"s":{"0":0,"1":0},"f":{},"b":{}}
,"D:\\REact\\react\\src\\client\\index.js": {"path":"D:\\REact\\react\\src\\client\\index.js","statementMap":{"0":{"start":{"line":1,"column":0},"end":{"line":null,"column":-1}},"1":{"start":{"line":2,"column":0},"end":{"line":null,"column":-1}},"2":{"start":{"line":3,"column":0},"end":{"line":null,"column":-1}},"3":{"start":{"line":5,"column":0},"end":{"line":null,"column":-1}}},"fnMap":{},"branchMap":{},"s":{"0":0,"1":0,"2":0,"3":0},"f":{},"b":{}}
,"D:\\REact\\react\\src\\client\\utils.js": {"path":"D:\\REact\\react\\src\\client\\utils.js","statementMap":{"0":{"start":{"line":1,"column":0},"end":{"line":null,"column":-1}},"1":{"start":{"line":4,"column":4},"end":{"line":null,"column":-1}},"2":{"start":{"line":5,"column":8},"end":{"line":null,"column":-1}},"3":{"start":{"line":11,"column":4},"end":{"line":null,"column":-1}},"4":{"start":{"line":15,"column":4},"end":{"line":null,"column":-1}}},"fnMap":{"0":{"name":"arrayToMap","decl":{"start":{"line":3,"column":16},"end":{"line":3,"column":7}},"loc":{"start":{"line":3,"column":39},"end":{"line":8,"column":1}}},"1":{"name":"(anonymous_1)","decl":{"start":{"line":5,"column":8},"end":{"line":5,"column":8}},"loc":{"start":{"line":5,"column":8},"end":{"line":4,"column":11}}},"2":{"name":"mapToArr","decl":{"start":{"line":10,"column":16},"end":{"line":10,"column":7}},"loc":{"start":{"line":10,"column":30},"end":{"line":12,"column":1}}},"3":{"name":"generateId","decl":{"start":{"line":14,"column":16},"end":{"line":14,"column":7}},"loc":{"start":{"line":14,"column":29},"end":{"line":16,"column":1}}}},"branchMap":{"0":{"loc":{"start":{"line":5,"column":52},"end":{"line":5,"column":44}},"type":"cond-expr","locations":[{"start":{"line":5,"column":52},"end":{"line":5,"column":44}},{"start":{"line":5,"column":72},"end":{"line":5,"column":25}}]}},"s":{"0":0,"1":0,"2":0,"3":0,"4":0},"f":{"0":0,"1":0,"2":0,"3":0},"b":{"0":[0,0]}}
,"D:\\REact\\react\\src\\client\\components\\App.js": {"path":"D:\\REact\\react\\src\\client\\components\\App.js","statementMap":{"0":{"start":{"line":1,"column":0},"end":{"line":null,"column":-1}},"1":{"start":{"line":2,"column":0},"end":{"line":null,"column":-1}},"2":{"start":{"line":3,"column":0},"end":{"line":null,"column":-1}},"3":{"start":{"line":4,"column":0},"end":{"line":null,"column":-1}},"4":{"start":{"line":5,"column":0},"end":{"line":null,"column":-1}},"5":{"start":{"line":6,"column":0},"end":{"line":null,"column":-1}},"6":{"start":{"line":7,"column":0},"end":{"line":null,"column":-1}},"7":{"start":{"line":13,"column":8},"end":{"line":null,"column":-1}}},"fnMap":{},"branchMap":{},"s":{"0":0,"1":0,"2":0,"3":0,"4":0,"5":0,"6":0,"7":0},"f":{},"b":{}}
,"D:\\REact\\react\\src\\client\\components\\Root.js": {"path":"D:\\REact\\react\\src\\client\\components\\Root.js","statementMap":{"0":{"start":{"line":1,"column":0},"end":{"line":null,"column":-1}},"1":{"start":{"line":2,"column":0},"end":{"line":null,"column":-1}},"2":{"start":{"line":3,"column":0},"end":{"line":null,"column":-1}},"3":{"start":{"line":4,"column":0},"end":{"line":null,"column":-1}},"4":{"start":{"line":5,"column":0},"end":{"line":null,"column":-1}},"5":{"start":{"line":6,"column":0},"end":{"line":null,"column":-1}},"6":{"start":{"line":7,"column":0},"end":{"line":null,"column":-1}},"7":{"start":{"line":8,"column":0},"end":{"line":null,"column":-1}},"8":{"start":{"line":10,"column":23},"end":{"line":10,"column":0}},"9":{"start":{"line":12,"column":24},"end":{"line":12,"column":0}},"10":{"start":{"line":13,"column":23},"end":{"line":13,"column":0}},"11":{"start":{"line":15,"column":6},"end":{"line":15,"column":0}},"12":{"start":{"line":21,"column":14},"end":{"line":21,"column":0}},"13":{"start":{"line":23,"column":0},"end":{"line":null,"column":-1}},"14":{"start":{"line":29,"column":8},"end":{"line":null,"column":-1}}},"fnMap":{},"branchMap":{},"s":{"0":0,"1":0,"2":0,"3":0,"4":0,"5":0,"6":0,"7":0,"8":0,"9":0,"10":0,"11":0,"12":0,"13":0,"14":0},"f":{},"b":{}}
,"D:\\REact\\react\\src\\client\\components\\auth\\SignIn.js": {"path":"D:\\REact\\react\\src\\client\\components\\auth\\SignIn.js","statementMap":{"0":{"start":{"line":1,"column":0},"end":{"line":null,"column":-1}},"1":{"start":{"line":2,"column":0},"end":{"line":null,"column":-1}},"2":{"start":{"line":3,"column":0},"end":{"line":null,"column":-1}},"3":{"start":{"line":7,"column":8},"end":{"line":null,"column":-1}},"4":{"start":{"line":26,"column":0},"end":{"line":null,"column":-1}}},"fnMap":{},"branchMap":{},"s":{"0":0,"1":0,"2":0,"3":0,"4":0},"f":{},"b":{}}
,"D:\\REact\\react\\src\\client\\components\\auth\\SignUp.js": {"path":"D:\\REact\\react\\src\\client\\components\\auth\\SignUp.js","statementMap":{"0":{"start":{"line":1,"column":0},"end":{"line":null,"column":-1}},"1":{"start":{"line":2,"column":0},"end":{"line":null,"column":-1}},"2":{"start":{"line":3,"column":0},"end":{"line":null,"column":-1}},"3":{"start":{"line":4,"column":0},"end":{"line":null,"column":-1}},"4":{"start":{"line":10,"column":8},"end":{"line":null,"column":-1}},"5":{"start":{"line":25,"column":17},"end":{"line":25,"column":0}},"6":{"start":{"line":25,"column":42},"end":{"line":25,"column":41}},"7":{"start":{"line":26,"column":19},"end":{"line":26,"column":4}},"8":{"start":{"line":28,"column":4},"end":{"line":28,"column":16}},"9":{"start":{"line":28,"column":16},"end":{"line":null,"column":-1}},"10":{"start":{"line":29,"column":4},"end":{"line":29,"column":19}},"11":{"start":{"line":29,"column":19},"end":{"line":null,"column":-1}},"12":{"start":{"line":31,"column":4},"end":{"line":31,"column":50}},"13":{"start":{"line":31,"column":50},"end":{"line":null,"column":-1}},"14":{"start":{"line":32,"column":4},"end":{"line":32,"column":41}},"15":{"start":{"line":32,"column":41},"end":{"line":null,"column":-1}},"16":{"start":{"line":34,"column":4},"end":{"line":null,"column":-1}}},"fnMap":{"0":{"name":"validate","decl":{"start":{"line":25,"column":6},"end":{"line":25,"column":17}},"loc":{"start":{"line":25,"column":42},"end":{"line":25,"column":0}}}},"branchMap":{"0":{"loc":{"start":{"line":28,"column":4},"end":{"line":28,"column":16}},"type":"if","locations":[{"start":{"line":28,"column":4},"end":{"line":28,"column":16}},{"start":{"line":28,"column":4},"end":{"line":28,"column":16}}]},"1":{"loc":{"start":{"line":29,"column":4},"end":{"line":29,"column":19}},"type":"if","locations":[{"start":{"line":29,"column":4},"end":{"line":29,"column":19}},{"start":{"line":29,"column":4},"end":{"line":29,"column":19}}]},"2":{"loc":{"start":{"line":31,"column":4},"end":{"line":31,"column":50}},"type":"if","locations":[{"start":{"line":31,"column":4},"end":{"line":31,"column":50}},{"start":{"line":31,"column":4},"end":{"line":31,"column":50}}]},"3":{"loc":{"start":{"line":31,"column":8},"end":{"line":31,"column":16}},"type":"binary-expr","locations":[{"start":{"line":31,"column":8},"end":{"line":31,"column":16}},{"start":{"line":31,"column":17},"end":{"line":31,"column":4}}]},"4":{"loc":{"start":{"line":32,"column":4},"end":{"line":32,"column":41}},"type":"if","locations":[{"start":{"line":32,"column":4},"end":{"line":32,"column":41}},{"start":{"line":32,"column":4},"end":{"line":32,"column":41}}]},"5":{"loc":{"start":{"line":32,"column":8},"end":{"line":32,"column":19}},"type":"binary-expr","locations":[{"start":{"line":32,"column":8},"end":{"line":32,"column":19}},{"start":{"line":32,"column":20},"end":{"line":32,"column":4}}]}},"s":{"0":0,"1":0,"2":0,"3":0,"4":0,"5":0,"6":0,"7":0,"8":0,"9":0,"10":0,"11":0,"12":0,"13":0,"14":0,"15":0,"16":0},"f":{"0":0},"b":{"0":[0,0],"1":[0,0],"2":[0,0],"3":[0,0],"4":[0,0],"5":[0,0]}}
,"D:\\REact\\react\\src\\client\\components\\blog\\AddArticleForm.js": {"path":"D:\\REact\\react\\src\\client\\components\\blog\\AddArticleForm.js","statementMap":{"0":{"start":{"line":1,"column":0},"end":{"line":null,"column":-1}},"1":{"start":{"line":2,"column":0},"end":{"line":null,"column":-1}},"2":{"start":{"line":3,"column":0},"end":{"line":null,"column":-1}},"3":{"start":{"line":4,"column":0},"end":{"line":null,"column":-1}},"4":{"start":{"line":5,"column":0},"end":{"line":null,"column":-1}},"5":{"start":{"line":13,"column":17},"end":{"line":null,"column":-1}},"6":{"start":{"line":14,"column":6},"end":{"line":null,"column":-1}},"7":{"start":{"line":20,"column":6},"end":{"line":null,"column":-1}},"8":{"start":{"line":21,"column":6},"end":{"line":null,"column":-1}},"9":{"start":{"line":23,"column":6},"end":{"line":null,"column":-1}},"10":{"start":{"line":30,"column":6},"end":{"line":null,"column":-1}},"11":{"start":{"line":48,"column":0},"end":{"line":null,"column":-1}},"12":{"start":{"line":49,"column":0},"end":{"line":null,"column":-1}},"13":{"start":{"line":56,"column":29},"end":{"line":56,"column":0}}},"fnMap":{"0":{"name":"(anonymous_12)","decl":{"start":{"line":13,"column":26},"end":{"line":13,"column":26}},"loc":{"start":{"line":13,"column":34},"end":{"line":13,"column":17}}}},"branchMap":{},"s":{"0":0,"1":0,"2":0,"3":0,"4":0,"5":0,"6":0,"7":0,"8":0,"9":0,"10":0,"11":0,"12":0,"13":0},"f":{"0":0},"b":{}}
,"D:\\REact\\react\\src\\client\\components\\blog\\BlogList.js": {"path":"D:\\REact\\react\\src\\client\\components\\blog\\BlogList.js","statementMap":{"0":{"start":{"line":1,"column":0},"end":{"line":null,"column":-1}},"1":{"start":{"line":2,"column":0},"end":{"line":null,"column":-1}},"2":{"start":{"line":3,"column":0},"end":{"line":null,"column":-1}},"3":{"start":{"line":4,"column":0},"end":{"line":null,"column":-1}},"4":{"start":{"line":5,"column":0},"end":{"line":null,"column":-1}},"5":{"start":{"line":6,"column":0},"end":{"line":null,"column":-1}},"6":{"start":{"line":7,"column":0},"end":{"line":null,"column":-1}},"7":{"start":{"line":17,"column":14},"end":{"line":null,"column":-1}},"8":{"start":{"line":18,"column":8},"end":{"line":null,"column":-1}},"9":{"start":{"line":11,"column":42},"end":{"line":10,"column":24}},"10":{"start":{"line":10,"column":24},"end":{"line":10,"column":23}},"11":{"start":{"line":12,"column":8},"end":{"line":14,"column":9}},"12":{"start":{"line":13,"column":12},"end":{"line":null,"column":-1}},"13":{"start":{"line":21,"column":13},"end":{"line":null,"column":-1}},"14":{"start":{"line":22,"column":25},"end":{"line":21,"column":13}},"15":{"start":{"line":24,"column":26},"end":{"line":24,"column":8}},"16":{"start":{"line":24,"column":35},"end":{"line":null,"column":-1}},"17":{"start":{"line":32,"column":8},"end":{"line":null,"column":-1}},"18":{"start":{"line":42,"column":28},"end":{"line":41,"column":15}},"19":{"start":{"line":43,"column":21},"end":{"line":43,"column":8}},"20":{"start":{"line":44,"column":62},"end":{"line":41,"column":15}},"21":{"start":{"line":41,"column":15},"end":{"line":41,"column":14}},"22":{"start":{"line":46,"column":12},"end":{"line":46,"column":8}},"23":{"start":{"line":48,"column":8},"end":{"line":62,"column":9}},"24":{"start":{"line":49,"column":12},"end":{"line":null,"column":-1}},"25":{"start":{"line":50,"column":16},"end":{"line":56,"column":17}},"26":{"start":{"line":51,"column":20},"end":{"line":51,"column":73}},"27":{"start":{"line":51,"column":73},"end":{"line":null,"column":-1}},"28":{"start":{"line":52,"column":20},"end":{"line":52,"column":73}},"29":{"start":{"line":52,"column":73},"end":{"line":null,"column":-1}},"30":{"start":{"line":53,"column":23},"end":{"line":56,"column":17}},"31":{"start":{"line":54,"column":20},"end":{"line":54,"column":73}},"32":{"start":{"line":54,"column":73},"end":{"line":null,"column":-1}},"33":{"start":{"line":55,"column":20},"end":{"line":55,"column":73}},"34":{"start":{"line":55,"column":73},"end":{"line":null,"column":-1}},"35":{"start":{"line":59,"column":12},"end":{"line":null,"column":-1}},"36":{"start":{"line":64,"column":8},"end":{"line":null,"column":-1}},"37":{"start":{"line":71,"column":21},"end":{"line":71,"column":0}}},"fnMap":{"0":{"name":"(anonymous_12)","decl":{"start":{"line":17,"column":20},"end":{"line":17,"column":20}},"loc":{"start":{"line":17,"column":28},"end":{"line":17,"column":14}}},"1":{"name":"(anonymous_15)","decl":{"start":{"line":24,"column":35},"end":{"line":null,"column":-1}},"loc":{"start":{"line":24,"column":35},"end":{"line":24,"column":26}}},"2":{"name":"(anonymous_16)","decl":{"start":{"line":41,"column":4},"end":{"line":41,"column":4}},"loc":{"start":{"line":41,"column":15},"end":{"line":40,"column":15}}},"3":{"name":"(anonymous_17)","decl":{"start":{"line":49,"column":46},"end":{"line":49,"column":46}},"loc":{"start":{"line":49,"column":56},"end":{"line":49,"column":31}}}},"branchMap":{"0":{"loc":{"start":{"line":12,"column":8},"end":{"line":14,"column":9}},"type":"if","locations":[{"start":{"line":12,"column":8},"end":{"line":14,"column":9}},{"start":{"line":12,"column":8},"end":{"line":14,"column":9}}]},"1":{"loc":{"start":{"line":48,"column":8},"end":{"line":62,"column":9}},"type":"if","locations":[{"start":{"line":48,"column":8},"end":{"line":62,"column":9}},{"start":{"line":48,"column":8},"end":{"line":62,"column":9}}]},"2":{"loc":{"start":{"line":50,"column":16},"end":{"line":56,"column":17}},"type":"if","locations":[{"start":{"line":50,"column":16},"end":{"line":56,"column":17}},{"start":{"line":50,"column":16},"end":{"line":56,"column":17}}]},"3":{"loc":{"start":{"line":51,"column":20},"end":{"line":51,"column":73}},"type":"if","locations":[{"start":{"line":51,"column":20},"end":{"line":51,"column":73}},{"start":{"line":51,"column":20},"end":{"line":51,"column":73}}]},"4":{"loc":{"start":{"line":52,"column":20},"end":{"line":52,"column":73}},"type":"if","locations":[{"start":{"line":52,"column":20},"end":{"line":52,"column":73}},{"start":{"line":52,"column":20},"end":{"line":52,"column":73}}]},"5":{"loc":{"start":{"line":53,"column":23},"end":{"line":56,"column":17}},"type":"if","locations":[{"start":{"line":53,"column":23},"end":{"line":56,"column":17}},{"start":{"line":53,"column":23},"end":{"line":56,"column":17}}]},"6":{"loc":{"start":{"line":54,"column":20},"end":{"line":54,"column":73}},"type":"if","locations":[{"start":{"line":54,"column":20},"end":{"line":54,"column":73}},{"start":{"line":54,"column":20},"end":{"line":54,"column":73}}]},"7":{"loc":{"start":{"line":55,"column":20},"end":{"line":55,"column":73}},"type":"if","locations":[{"start":{"line":55,"column":20},"end":{"line":55,"column":73}},{"start":{"line":55,"column":20},"end":{"line":55,"column":73}}]}},"s":{"0":0,"1":0,"2":0,"3":0,"4":0,"5":0,"6":0,"7":0,"8":0,"9":0,"10":0,"11":0,"12":0,"13":0,"14":0,"15":0,"16":0,"17":0,"18":0,"19":0,"20":0,"21":0,"22":0,"23":0,"24":0,"25":0,"26":0,"27":0,"28":0,"29":0,"30":0,"31":0,"32":0,"33":0,"34":0,"35":0,"36":0,"37":0},"f":{"0":0,"1":0,"2":0,"3":0},"b":{"0":[0,0],"1":[0,0],"2":[0,0],"3":[0,0],"4":[0,0],"5":[0,0],"6":[0,0],"7":[0,0]}}
,"D:\\REact\\react\\src\\client\\components\\blog\\BlogListFiltrationPanel.js": {"path":"D:\\REact\\react\\src\\client\\components\\blog\\BlogListFiltrationPanel.js","statementMap":{"0":{"start":{"line":1,"column":0},"end":{"line":null,"column":-1}},"1":{"start":{"line":2,"column":0},"end":{"line":null,"column":-1}},"2":{"start":{"line":3,"column":0},"end":{"line":null,"column":-1}},"3":{"start":{"line":7,"column":57},"end":{"line":6,"column":33}},"4":{"start":{"line":9,"column":8},"end":{"line":19,"column":9}},"5":{"start":{"line":10,"column":12},"end":{"line":null,"column":-1}},"6":{"start":{"line":14,"column":15},"end":{"line":19,"column":9}},"7":{"start":{"line":15,"column":12},"end":{"line":null,"column":-1}},"8":{"start":{"line":23,"column":8},"end":{"line":null,"column":-1}},"9":{"start":{"line":31,"column":67},"end":{"line":30,"column":13}},"10":{"start":{"line":30,"column":13},"end":{"line":30,"column":12}},"11":{"start":{"line":33,"column":8},"end":{"line":null,"column":-1}},"12":{"start":{"line":51,"column":0},"end":{"line":null,"column":-1}},"13":{"start":{"line":52,"column":0},"end":{"line":null,"column":-1}},"14":{"start":{"line":55,"column":4},"end":{"line":null,"column":-1}}},"fnMap":{"0":{"name":"(anonymous_12)","decl":{"start":{"line":55,"column":4},"end":{"line":null,"column":-1}},"loc":{"start":{"line":55,"column":4},"end":{"line":54,"column":15}}}},"branchMap":{"0":{"loc":{"start":{"line":9,"column":8},"end":{"line":19,"column":9}},"type":"if","locations":[{"start":{"line":9,"column":8},"end":{"line":19,"column":9}},{"start":{"line":9,"column":8},"end":{"line":19,"column":9}}]},"1":{"loc":{"start":{"line":14,"column":15},"end":{"line":19,"column":9}},"type":"if","locations":[{"start":{"line":14,"column":15},"end":{"line":19,"column":9}},{"start":{"line":14,"column":15},"end":{"line":19,"column":9}}]},"2":{"loc":{"start":{"line":39,"column":30},"end":{"line":38,"column":24}},"type":"cond-expr","locations":[{"start":{"line":39,"column":30},"end":{"line":38,"column":24}},{"start":{"line":42,"column":30},"end":{"line":null,"column":-1}}]},"3":{"loc":{"start":{"line":40,"column":34},"end":{"line":39,"column":30}},"type":"cond-expr","locations":[{"start":{"line":40,"column":34},"end":{"line":39,"column":30}},{"start":{"line":41,"column":34},"end":{"line":38,"column":24}}]}},"s":{"0":0,"1":0,"2":0,"3":0,"4":0,"5":0,"6":0,"7":0,"8":0,"9":0,"10":0,"11":0,"12":0,"13":0,"14":0},"f":{"0":0},"b":{"0":[0,0],"1":[0,0],"2":[0,0],"3":[0,0]}}
,"D:\\REact\\react\\src\\client\\components\\blog\\BlogListItem.js": {"path":"D:\\REact\\react\\src\\client\\components\\blog\\BlogListItem.js","statementMap":{"0":{"start":{"line":1,"column":0},"end":{"line":null,"column":-1}},"1":{"start":{"line":2,"column":0},"end":{"line":null,"column":-1}},"2":{"start":{"line":3,"column":0},"end":{"line":null,"column":-1}},"3":{"start":{"line":11,"column":12},"end":{"line":6,"column":13}},"4":{"start":{"line":6,"column":13},"end":{"line":6,"column":12}},"5":{"start":{"line":13,"column":8},"end":{"line":null,"column":-1}},"6":{"start":{"line":24,"column":0},"end":{"line":null,"column":-1}},"7":{"start":{"line":25,"column":0},"end":{"line":null,"column":-1}},"8":{"start":{"line":29,"column":27},"end":{"line":29,"column":0}}},"fnMap":{},"branchMap":{"0":{"loc":{"start":{"line":17,"column":28},"end":{"line":17,"column":35}},"type":"binary-expr","locations":[{"start":{"line":17,"column":28},"end":{"line":17,"column":35}},{"start":{"line":17,"column":36},"end":{"line":17,"column":16}}]}},"s":{"0":0,"1":0,"2":0,"3":0,"4":0,"5":0,"6":0,"7":0,"8":0},"f":{},"b":{"0":[0,0]}}
,"D:\\REact\\react\\src\\client\\components\\common\\ErrorField.js": {"data":{"path":"D:\\REact\\react\\src\\client\\components\\common\\ErrorField.js","statementMap":{"0":{"start":{"line":4,"column":50},"end":{"line":4,"column":55}},"1":{"start":{"line":5,"column":22},"end":{"line":5,"column":83}},"2":{"start":{"line":6,"column":4},"end":{"line":12,"column":5}}},"fnMap":{"0":{"name":"ErrorField","decl":{"start":{"line":3,"column":9},"end":{"line":3,"column":19}},"loc":{"start":{"line":3,"column":27},"end":{"line":13,"column":1}},"line":3}},"branchMap":{"0":{"loc":{"start":{"line":5,"column":22},"end":{"line":5,"column":83}},"type":"binary-expr","locations":[{"start":{"line":5,"column":22},"end":{"line":5,"column":29}},{"start":{"line":5,"column":33},"end":{"line":5,"column":38}},{"start":{"line":5,"column":42},"end":{"line":5,"column":83}}],"line":5}},"s":{"0":1,"1":0,"2":0},"f":{"0":1},"b":{"0":[0,0,0]},"_coverageSchema":"332fd63041d2c1bcb487cc26dd0d5f7d97098a6c","hash":"d54e8e108fde4fa7f2d1b8621e67a1134a599a5e"}}
,"D:\\REact\\react\\src\\client\\components\\common\\PageContainer.js": {"path":"D:\\REact\\react\\src\\client\\components\\common\\PageContainer.js","statementMap":{"0":{"start":{"line":1,"column":0},"end":{"line":null,"column":-1}},"1":{"start":{"line":2,"column":0},"end":{"line":null,"column":-1}},"2":{"start":{"line":3,"column":0},"end":{"line":null,"column":-1}},"3":{"start":{"line":7,"column":8},"end":{"line":null,"column":-1}},"4":{"start":{"line":15,"column":0},"end":{"line":null,"column":-1}},"5":{"start":{"line":16,"column":0},"end":{"line":null,"column":-1}},"6":{"start":{"line":20,"column":28},"end":{"line":20,"column":0}}},"fnMap":{},"branchMap":{},"s":{"0":0,"1":0,"2":0,"3":0,"4":0,"5":0,"6":0},"f":{},"b":{}}
,"D:\\REact\\react\\src\\client\\components\\common\\ProtectedRoute.js": {"path":"D:\\REact\\react\\src\\client\\components\\common\\ProtectedRoute.js","statementMap":{"0":{"start":{"line":1,"column":0},"end":{"line":null,"column":-1}},"1":{"start":{"line":2,"column":0},"end":{"line":null,"column":-1}},"2":{"start":{"line":3,"column":0},"end":{"line":null,"column":-1}},"3":{"start":{"line":4,"column":0},"end":{"line":null,"column":-1}},"4":{"start":{"line":5,"column":0},"end":{"line":null,"column":-1}},"5":{"start":{"line":9,"column":39},"end":{"line":8,"column":13}},"6":{"start":{"line":8,"column":13},"end":{"line":8,"column":12}},"7":{"start":{"line":8,"column":13},"end":{"line":null,"column":-1}},"8":{"start":{"line":10,"column":8},"end":{"line":null,"column":-1}},"9":{"start":{"line":13,"column":31},"end":{"line":null,"column":-1}},"10":{"start":{"line":13,"column":22},"end":{"line":13,"column":31}},"11":{"start":{"line":14,"column":31},"end":{"line":13,"column":31}},"12":{"start":{"line":15,"column":36},"end":{"line":15,"column":8}},"13":{"start":{"line":16,"column":8},"end":{"line":null,"column":-1}},"14":{"start":{"line":20,"column":0},"end":{"line":null,"column":-1}},"15":{"start":{"line":25,"column":23},"end":{"line":null,"column":-1}}},"fnMap":{"0":{"name":"(anonymous_14)","decl":{"start":{"line":25,"column":23},"end":{"line":null,"column":-1}},"loc":{"start":{"line":25,"column":23},"end":{"line":25,"column":15}}}},"branchMap":{"0":{"loc":{"start":{"line":16,"column":28},"end":{"line":16,"column":15}},"type":"cond-expr","locations":[{"start":{"line":16,"column":28},"end":{"line":16,"column":15}},{"start":{"line":16,"column":64},"end":{"line":16,"column":8}}]}},"s":{"0":0,"1":0,"2":0,"3":0,"4":0,"5":0,"6":0,"7":0,"8":0,"9":0,"10":0,"11":0,"12":0,"13":0,"14":0,"15":0},"f":{"0":0},"b":{"0":[0,0]}}
,"D:\\REact\\react\\src\\client\\components\\routes\\Admin.js": {"path":"D:\\REact\\react\\src\\client\\components\\routes\\Admin.js","statementMap":{"0":{"start":{"line":1,"column":0},"end":{"line":null,"column":-1}},"1":{"start":{"line":2,"column":0},"end":{"line":null,"column":-1}},"2":{"start":{"line":3,"column":0},"end":{"line":null,"column":-1}},"3":{"start":{"line":4,"column":0},"end":{"line":null,"column":-1}},"4":{"start":{"line":12,"column":8},"end":{"line":null,"column":-1}}},"fnMap":{},"branchMap":{},"s":{"0":0,"1":0,"2":0,"3":0,"4":0},"f":{},"b":{}}
,"D:\\REact\\react\\src\\client\\components\\routes\\Auth.js": {"path":"D:\\REact\\react\\src\\client\\components\\routes\\Auth.js","statementMap":{"0":{"start":{"line":1,"column":0},"end":{"line":null,"column":-1}},"1":{"start":{"line":2,"column":0},"end":{"line":null,"column":-1}},"2":{"start":{"line":3,"column":0},"end":{"line":null,"column":-1}},"3":{"start":{"line":4,"column":0},"end":{"line":null,"column":-1}},"4":{"start":{"line":5,"column":0},"end":{"line":null,"column":-1}},"5":{"start":{"line":6,"column":0},"end":{"line":null,"column":-1}},"6":{"start":{"line":7,"column":0},"end":{"line":null,"column":-1}},"7":{"start":{"line":16,"column":19},"end":{"line":16,"column":18}},"8":{"start":{"line":16,"column":19},"end":{"line":null,"column":-1}},"9":{"start":{"line":17,"column":19},"end":{"line":17,"column":18}},"10":{"start":{"line":17,"column":19},"end":{"line":null,"column":-1}},"11":{"start":{"line":11,"column":8},"end":{"line":13,"column":9}},"12":{"start":{"line":12,"column":12},"end":{"line":null,"column":-1}},"13":{"start":{"line":19,"column":13},"end":{"line":null,"column":-1}},"14":{"start":{"line":20,"column":8},"end":{"line":null,"column":-1}},"15":{"start":{"line":22,"column":8},"end":{"line":null,"column":-1}},"16":{"start":{"line":38,"column":20},"end":{"line":null,"column":-1}},"17":{"start":{"line":41,"column":20},"end":{"line":null,"column":-1}},"18":{"start":{"line":48,"column":0},"end":{"line":null,"column":-1}},"19":{"start":{"line":58,"column":25},"end":{"line":57,"column":15}},"20":{"start":{"line":59,"column":8},"end":{"line":null,"column":-1}}},"fnMap":{"0":{"name":"render","decl":{"start":{"line":38,"column":20},"end":{"line":null,"column":-1}},"loc":{"start":{"line":38,"column":20},"end":{"line":37,"column":16}}},"1":{"name":"render","decl":{"start":{"line":41,"column":20},"end":{"line":null,"column":-1}},"loc":{"start":{"line":41,"column":20},"end":{"line":40,"column":16}}},"2":{"name":"(anonymous_15)","decl":{"start":{"line":57,"column":4},"end":{"line":57,"column":4}},"loc":{"start":{"line":57,"column":15},"end":{"line":56,"column":15}}}},"branchMap":{"0":{"loc":{"start":{"line":11,"column":8},"end":{"line":13,"column":9}},"type":"if","locations":[{"start":{"line":11,"column":8},"end":{"line":13,"column":9}},{"start":{"line":11,"column":8},"end":{"line":13,"column":9}}]},"1":{"loc":{"start":{"line":11,"column":12},"end":{"line":11,"column":11}},"type":"binary-expr","locations":[{"start":{"line":11,"column":12},"end":{"line":11,"column":11}},{"start":{"line":11,"column":46},"end":{"line":11,"column":8}}]},"2":{"loc":{"start":{"line":27,"column":26},"end":{"line":26,"column":20}},"type":"cond-expr","locations":[{"start":{"line":27,"column":26},"end":{"line":26,"column":20}},{"start":{"line":28,"column":27},"end":{"line":23,"column":12}}]}},"s":{"0":0,"1":0,"2":0,"3":0,"4":0,"5":0,"6":0,"7":0,"8":0,"9":0,"10":0,"11":0,"12":0,"13":0,"14":0,"15":0,"16":0,"17":0,"18":0,"19":0,"20":0},"f":{"0":0,"1":0,"2":0},"b":{"0":[0,0],"1":[0,0],"2":[0,0]}}
,"D:\\REact\\react\\src\\client\\components\\routes\\Start.js": {"path":"D:\\REact\\react\\src\\client\\components\\routes\\Start.js","statementMap":{"0":{"start":{"line":1,"column":0},"end":{"line":null,"column":-1}},"1":{"start":{"line":2,"column":0},"end":{"line":null,"column":-1}},"2":{"start":{"line":3,"column":0},"end":{"line":null,"column":-1}},"3":{"start":{"line":4,"column":0},"end":{"line":null,"column":-1}},"4":{"start":{"line":5,"column":0},"end":{"line":null,"column":-1}},"5":{"start":{"line":11,"column":8},"end":{"line":16,"column":9}},"6":{"start":{"line":12,"column":12},"end":{"line":null,"column":-1}},"7":{"start":{"line":18,"column":8},"end":{"line":null,"column":-1}},"8":{"start":{"line":40,"column":8},"end":{"line":null,"column":-1}},"9":{"start":{"line":49,"column":0},"end":{"line":null,"column":-1}},"10":{"start":{"line":56,"column":25},"end":{"line":55,"column":15}},"11":{"start":{"line":57,"column":8},"end":{"line":null,"column":-1}}},"fnMap":{"0":{"name":"(anonymous_11)","decl":{"start":{"line":55,"column":4},"end":{"line":55,"column":4}},"loc":{"start":{"line":55,"column":15},"end":{"line":54,"column":15}}}},"branchMap":{"0":{"loc":{"start":{"line":11,"column":8},"end":{"line":16,"column":9}},"type":"if","locations":[{"start":{"line":11,"column":8},"end":{"line":16,"column":9}},{"start":{"line":11,"column":8},"end":{"line":16,"column":9}}]}},"s":{"0":0,"1":0,"2":0,"3":0,"4":0,"5":0,"6":0,"7":0,"8":0,"9":0,"10":0,"11":0},"f":{"0":0},"b":{"0":[0,0]}}
,"D:\\REact\\react\\src\\client\\ducks\\articles.js": {"path":"D:\\REact\\react\\src\\client\\ducks\\articles.js","statementMap":{"0":{"start":{"line":2,"column":0},"end":{"line":null,"column":-1}},"1":{"start":{"line":4,"column":0},"end":{"line":null,"column":-1}},"2":{"start":{"line":5,"column":0},"end":{"line":null,"column":-1}},"3":{"start":{"line":6,"column":0},"end":{"line":null,"column":-1}},"4":{"start":{"line":7,"column":0},"end":{"line":null,"column":-1}},"5":{"start":{"line":12,"column":13},"end":{"line":12,"column":7}},"6":{"start":{"line":13,"column":6},"end":{"line":13,"column":0}},"7":{"start":{"line":15,"column":13},"end":{"line":15,"column":7}},"8":{"start":{"line":16,"column":13},"end":{"line":16,"column":7}},"9":{"start":{"line":17,"column":13},"end":{"line":17,"column":7}},"10":{"start":{"line":18,"column":13},"end":{"line":18,"column":7}},"11":{"start":{"line":19,"column":13},"end":{"line":19,"column":7}},"12":{"start":{"line":20,"column":13},"end":{"line":20,"column":7}},"13":{"start":{"line":25,"column":21},"end":{"line":25,"column":0}},"14":{"start":{"line":48,"column":13},"end":{"line":48,"column":7}},"15":{"start":{"line":59,"column":13},"end":{"line":59,"column":7}},"16":{"start":{"line":65,"column":69},"end":{"line":65,"column":68}},"17":{"start":{"line":65,"column":69},"end":{"line":null,"column":-1}},"18":{"start":{"line":66,"column":30},"end":{"line":65,"column":69}},"19":{"start":{"line":68,"column":4},"end":{"line":null,"column":-1}},"20":{"start":{"line":70,"column":12},"end":{"line":null,"column":-1}},"21":{"start":{"line":73,"column":12},"end":{"line":null,"column":-1}},"22":{"start":{"line":79,"column":12},"end":{"line":null,"column":-1}},"23":{"start":{"line":83,"column":12},"end":{"line":null,"column":-1}},"24":{"start":{"line":87,"column":12},"end":{"line":null,"column":-1}},"25":{"start":{"line":99,"column":4},"end":{"line":null,"column":-1}},"26":{"start":{"line":105,"column":4},"end":{"line":null,"column":-1}},"27":{"start":{"line":112,"column":4},"end":{"line":null,"column":-1}},"28":{"start":{"line":121,"column":7},"end":{"line":null,"column":-1}},"29":{"start":{"line":126,"column":10},"end":{"line":121,"column":7}},"30":{"start":{"line":128,"column":10},"end":{"line":121,"column":7}},"31":{"start":{"line":136,"column":7},"end":{"line":null,"column":-1}},"32":{"start":{"line":137,"column":10},"end":{"line":136,"column":7}},"33":{"start":{"line":139,"column":10},"end":{"line":136,"column":7}},"34":{"start":{"line":147,"column":7},"end":{"line":null,"column":-1}}},"fnMap":{"0":{"name":"reducer","decl":{"start":{"line":65,"column":24},"end":{"line":65,"column":15}},"loc":{"start":{"line":65,"column":69},"end":{"line":89,"column":1}}},"1":{"name":"loadAllArticles","decl":{"start":{"line":98,"column":16},"end":{"line":98,"column":7}},"loc":{"start":{"line":98,"column":34},"end":{"line":102,"column":1}}},"2":{"name":"addArticle","decl":{"start":{"line":104,"column":16},"end":{"line":104,"column":7}},"loc":{"start":{"line":104,"column":41},"end":{"line":109,"column":1}}},"3":{"name":"removeArticle","decl":{"start":{"line":111,"column":16},"end":{"line":111,"column":7}},"loc":{"start":{"line":111,"column":34},"end":{"line":116,"column":1}}},"4":{"name":"fetchAllSaga","decl":{"start":{"line":121,"column":17},"end":{"line":121,"column":7}},"loc":{"start":{"line":121,"column":7},"end":{"line":null,"column":-1}}},"5":{"name":"fetchAllSaga$","decl":{"start":{"line":121,"column":7},"end":{"line":null,"column":-1}},"loc":{"start":{"line":121,"column":7},"end":{"line":null,"column":-1}}},"6":{"name":"addArcticleSaga","decl":{"start":{"line":136,"column":17},"end":{"line":136,"column":7}},"loc":{"start":{"line":136,"column":7},"end":{"line":null,"column":-1}}},"7":{"name":"addArcticleSaga$","decl":{"start":{"line":136,"column":7},"end":{"line":null,"column":-1}},"loc":{"start":{"line":136,"column":7},"end":{"line":null,"column":-1}}},"8":{"name":"saga","decl":{"start":{"line":147,"column":17},"end":{"line":147,"column":7}},"loc":{"start":{"line":147,"column":7},"end":{"line":null,"column":-1}}},"9":{"name":"saga$","decl":{"start":{"line":147,"column":7},"end":{"line":null,"column":-1}},"loc":{"start":{"line":147,"column":7},"end":{"line":null,"column":-1}}}},"branchMap":{"0":{"loc":{"start":{"line":65,"column":69},"end":{"line":65,"column":39}},"type":"cond-expr","locations":[{"start":{"line":65,"column":69},"end":{"line":65,"column":39}},{"start":{"line":65,"column":40},"end":{"line":65,"column":69}}]},"1":{"loc":{"start":{"line":65,"column":69},"end":{"line":65,"column":39}},"type":"binary-expr","locations":[{"start":{"line":65,"column":69},"end":{"line":65,"column":39}},{"start":{"line":65,"column":69},"end":{"line":65,"column":39}}]},"2":{"loc":{"start":{"line":69,"column":8},"end":{"line":70,"column":12}},"type":"switch","locations":[{"start":{"line":69,"column":8},"end":{"line":70,"column":12}},{"start":{"line":72,"column":8},"end":{"line":73,"column":12}},{"start":{"line":78,"column":8},"end":{"line":79,"column":12}},{"start":{"line":82,"column":8},"end":{"line":83,"column":12}},{"start":{"line":86,"column":8},"end":{"line":87,"column":12}}]},"3":{"loc":{"start":{"line":121,"column":7},"end":{"line":null,"column":-1}},"type":"switch","locations":[{"start":{"line":121,"column":7},"end":{"line":null,"column":-1}},{"start":{"line":121,"column":7},"end":{"line":null,"column":-1}},{"start":{"line":121,"column":7},"end":{"line":null,"column":-1}},{"start":{"line":121,"column":7},"end":{"line":null,"column":-1}},{"start":{"line":121,"column":7},"end":{"line":null,"column":-1}},{"start":{"line":121,"column":7},"end":{"line":null,"column":-1}}]},"4":{"loc":{"start":{"line":136,"column":7},"end":{"line":null,"column":-1}},"type":"switch","locations":[{"start":{"line":136,"column":7},"end":{"line":null,"column":-1}},{"start":{"line":136,"column":7},"end":{"line":null,"column":-1}},{"start":{"line":136,"column":7},"end":{"line":null,"column":-1}},{"start":{"line":136,"column":7},"end":{"line":null,"column":-1}}]},"5":{"loc":{"start":{"line":147,"column":7},"end":{"line":null,"column":-1}},"type":"switch","locations":[{"start":{"line":147,"column":7},"end":{"line":null,"column":-1}},{"start":{"line":147,"column":7},"end":{"line":null,"column":-1}},{"start":{"line":147,"column":7},"end":{"line":null,"column":-1}}]}},"s":{"0":0,"1":0,"2":0,"3":0,"4":0,"5":0,"6":0,"7":0,"8":0,"9":0,"10":0,"11":0,"12":0,"13":0,"14":0,"15":0,"16":0,"17":0,"18":0,"19":0,"20":0,"21":0,"22":0,"23":0,"24":0,"25":0,"26":0,"27":0,"28":0,"29":0,"30":0,"31":0,"32":0,"33":0,"34":0},"f":{"0":0,"1":0,"2":0,"3":0,"4":0,"5":0,"6":0,"7":0,"8":0,"9":0},"b":{"0":[0,0],"1":[0,0],"2":[0,0,0,0,0],"3":[0,0,0,0,0,0],"4":[0,0,0,0],"5":[0,0,0]}}
,"D:\\REact\\react\\src\\client\\ducks\\auth.js": {"path":"D:\\REact\\react\\src\\client\\ducks\\auth.js","statementMap":{"0":{"start":{"line":1,"column":0},"end":{"line":null,"column":-1}},"1":{"start":{"line":2,"column":0},"end":{"line":null,"column":-1}},"2":{"start":{"line":3,"column":0},"end":{"line":null,"column":-1}},"3":{"start":{"line":4,"column":0},"end":{"line":null,"column":-1}},"4":{"start":{"line":5,"column":0},"end":{"line":null,"column":-1}},"5":{"start":{"line":10,"column":13},"end":{"line":10,"column":7}},"6":{"start":{"line":11,"column":6},"end":{"line":11,"column":0}},"7":{"start":{"line":13,"column":13},"end":{"line":13,"column":7}},"8":{"start":{"line":14,"column":13},"end":{"line":14,"column":7}},"9":{"start":{"line":15,"column":13},"end":{"line":15,"column":7}},"10":{"start":{"line":17,"column":13},"end":{"line":17,"column":7}},"11":{"start":{"line":18,"column":13},"end":{"line":18,"column":7}},"12":{"start":{"line":19,"column":13},"end":{"line":19,"column":7}},"13":{"start":{"line":21,"column":13},"end":{"line":21,"column":7}},"14":{"start":{"line":22,"column":13},"end":{"line":22,"column":7}},"15":{"start":{"line":23,"column":13},"end":{"line":23,"column":7}},"16":{"start":{"line":28,"column":13},"end":{"line":28,"column":7}},"17":{"start":{"line":35,"column":69},"end":{"line":35,"column":68}},"18":{"start":{"line":35,"column":69},"end":{"line":null,"column":-1}},"19":{"start":{"line":36,"column":30},"end":{"line":35,"column":69}},"20":{"start":{"line":38,"column":4},"end":{"line":null,"column":-1}},"21":{"start":{"line":40,"column":12},"end":{"line":null,"column":-1}},"22":{"start":{"line":43,"column":12},"end":{"line":null,"column":-1}},"23":{"start":{"line":49,"column":12},"end":{"line":null,"column":-1}},"24":{"start":{"line":55,"column":12},"end":{"line":null,"column":-1}},"25":{"start":{"line":62,"column":13},"end":{"line":62,"column":7}},"26":{"start":{"line":62,"column":29},"end":{"line":null,"column":-1}},"27":{"start":{"line":63,"column":13},"end":{"line":63,"column":7}},"28":{"start":{"line":63,"column":58},"end":{"line":null,"column":-1}},"29":{"start":{"line":69,"column":4},"end":{"line":null,"column":-1}},"30":{"start":{"line":76,"column":4},"end":{"line":null,"column":-1}},"31":{"start":{"line":83,"column":4},"end":{"line":null,"column":-1}},"32":{"start":{"line":84,"column":4},"end":{"line":null,"column":-1}},"33":{"start":{"line":92,"column":7},"end":{"line":null,"column":-1}},"34":{"start":{"line":93,"column":4},"end":{"line":null,"column":-1}},"35":{"start":{"line":96,"column":14},"end":{"line":92,"column":7}},"36":{"start":{"line":99,"column":12},"end":{"line":null,"column":-1}},"37":{"start":{"line":100,"column":18},"end":{"line":92,"column":7}},"38":{"start":{"line":104,"column":18},"end":{"line":92,"column":7}},"39":{"start":{"line":111,"column":18},"end":{"line":92,"column":7}},"40":{"start":{"line":112,"column":18},"end":{"line":92,"column":7}},"41":{"start":{"line":134,"column":7},"end":{"line":null,"column":-1}},"42":{"start":{"line":135,"column":4},"end":{"line":null,"column":-1}},"43":{"start":{"line":138,"column":14},"end":{"line":134,"column":7}},"44":{"start":{"line":141,"column":12},"end":{"line":null,"column":-1}},"45":{"start":{"line":142,"column":18},"end":{"line":134,"column":7}},"46":{"start":{"line":146,"column":18},"end":{"line":134,"column":7}},"47":{"start":{"line":153,"column":18},"end":{"line":134,"column":7}},"48":{"start":{"line":154,"column":18},"end":{"line":134,"column":7}},"49":{"start":{"line":155,"column":12},"end":{"line":null,"column":-1}},"50":{"start":{"line":180,"column":7},"end":{"line":null,"column":-1}},"51":{"start":{"line":181,"column":4},"end":{"line":null,"column":-1}},"52":{"start":{"line":184,"column":14},"end":{"line":180,"column":7}},"53":{"start":{"line":186,"column":8},"end":{"line":null,"column":-1}},"54":{"start":{"line":189,"column":12},"end":{"line":null,"column":-1}},"55":{"start":{"line":190,"column":18},"end":{"line":180,"column":7}},"56":{"start":{"line":194,"column":18},"end":{"line":180,"column":7}},"57":{"start":{"line":200,"column":18},"end":{"line":180,"column":7}},"58":{"start":{"line":201,"column":18},"end":{"line":180,"column":7}},"59":{"start":{"line":202,"column":12},"end":{"line":null,"column":-1}},"60":{"start":{"line":222,"column":7},"end":{"line":null,"column":-1}}},"fnMap":{"0":{"name":"reducer","decl":{"start":{"line":35,"column":24},"end":{"line":35,"column":15}},"loc":{"start":{"line":35,"column":69},"end":{"line":57,"column":1}}},"1":{"name":"stateSelector","decl":{"start":{"line":62,"column":13},"end":{"line":62,"column":29}},"loc":{"start":{"line":62,"column":29},"end":{"line":62,"column":7}}},"2":{"name":"(anonymous_3)","decl":{"start":{"line":63,"column":58},"end":{"line":null,"column":-1}},"loc":{"start":{"line":63,"column":58},"end":{"line":63,"column":28}}},"3":{"name":"signUp","decl":{"start":{"line":68,"column":16},"end":{"line":68,"column":7}},"loc":{"start":{"line":68,"column":40},"end":{"line":73,"column":1}}},"4":{"name":"signIn","decl":{"start":{"line":75,"column":16},"end":{"line":75,"column":7}},"loc":{"start":{"line":75,"column":40},"end":{"line":80,"column":1}}},"5":{"name":"signOut","decl":{"start":{"line":82,"column":16},"end":{"line":82,"column":7}},"loc":{"start":{"line":82,"column":26},"end":{"line":87,"column":1}}},"6":{"name":"signInSaga","decl":{"start":{"line":92,"column":17},"end":{"line":92,"column":7}},"loc":{"start":{"line":92,"column":7},"end":{"line":null,"column":-1}}},"7":{"name":"signInSaga$","decl":{"start":{"line":92,"column":7},"end":{"line":null,"column":-1}},"loc":{"start":{"line":92,"column":7},"end":{"line":null,"column":-1}}},"8":{"name":"signUpSaga","decl":{"start":{"line":134,"column":17},"end":{"line":134,"column":7}},"loc":{"start":{"line":134,"column":7},"end":{"line":null,"column":-1}}},"9":{"name":"signUpSaga$","decl":{"start":{"line":134,"column":7},"end":{"line":null,"column":-1}},"loc":{"start":{"line":134,"column":7},"end":{"line":null,"column":-1}}},"10":{"name":"signOutSaga","decl":{"start":{"line":180,"column":17},"end":{"line":180,"column":7}},"loc":{"start":{"line":180,"column":7},"end":{"line":null,"column":-1}}},"11":{"name":"signOutSaga$","decl":{"start":{"line":180,"column":7},"end":{"line":null,"column":-1}},"loc":{"start":{"line":180,"column":7},"end":{"line":null,"column":-1}}},"12":{"name":"saga","decl":{"start":{"line":222,"column":17},"end":{"line":222,"column":7}},"loc":{"start":{"line":222,"column":7},"end":{"line":null,"column":-1}}},"13":{"name":"saga$","decl":{"start":{"line":222,"column":7},"end":{"line":null,"column":-1}},"loc":{"start":{"line":222,"column":7},"end":{"line":null,"column":-1}}}},"branchMap":{"0":{"loc":{"start":{"line":35,"column":69},"end":{"line":35,"column":39}},"type":"cond-expr","locations":[{"start":{"line":35,"column":69},"end":{"line":35,"column":39}},{"start":{"line":35,"column":40},"end":{"line":35,"column":69}}]},"1":{"loc":{"start":{"line":35,"column":69},"end":{"line":35,"column":39}},"type":"binary-expr","locations":[{"start":{"line":35,"column":69},"end":{"line":35,"column":39}},{"start":{"line":35,"column":69},"end":{"line":35,"column":39}}]},"2":{"loc":{"start":{"line":39,"column":8},"end":{"line":40,"column":12}},"type":"switch","locations":[{"start":{"line":39,"column":8},"end":{"line":40,"column":12}},{"start":{"line":42,"column":8},"end":{"line":43,"column":12}},{"start":{"line":48,"column":8},"end":{"line":49,"column":12}},{"start":{"line":54,"column":8},"end":{"line":55,"column":12}}]},"3":{"loc":{"start":{"line":92,"column":7},"end":{"line":93,"column":4}},"type":"switch","locations":[{"start":{"line":92,"column":7},"end":{"line":93,"column":4}},{"start":{"line":92,"column":7},"end":{"line":null,"column":-1}},{"start":{"line":92,"column":7},"end":{"line":null,"column":-1}},{"start":{"line":92,"column":7},"end":{"line":null,"column":-1}},{"start":{"line":92,"column":7},"end":{"line":null,"column":-1}},{"start":{"line":92,"column":7},"end":{"line":null,"column":-1}},{"start":{"line":92,"column":7},"end":{"line":null,"column":-1}},{"start":{"line":92,"column":7},"end":{"line":null,"column":-1}},{"start":{"line":92,"column":7},"end":{"line":null,"column":-1}},{"start":{"line":92,"column":7},"end":{"line":null,"column":-1}},{"start":{"line":92,"column":7},"end":{"line":null,"column":-1}},{"start":{"line":92,"column":7},"end":{"line":null,"column":-1}}]},"4":{"loc":{"start":{"line":92,"column":7},"end":{"line":null,"column":-1}},"type":"if","locations":[{"start":{"line":92,"column":7},"end":{"line":null,"column":-1}},{"start":{"line":92,"column":7},"end":{"line":null,"column":-1}}]},"5":{"loc":{"start":{"line":134,"column":7},"end":{"line":135,"column":4}},"type":"switch","locations":[{"start":{"line":134,"column":7},"end":{"line":135,"column":4}},{"start":{"line":134,"column":7},"end":{"line":null,"column":-1}},{"start":{"line":134,"column":7},"end":{"line":null,"column":-1}},{"start":{"line":134,"column":7},"end":{"line":null,"column":-1}},{"start":{"line":134,"column":7},"end":{"line":null,"column":-1}},{"start":{"line":134,"column":7},"end":{"line":null,"column":-1}},{"start":{"line":134,"column":7},"end":{"line":null,"column":-1}},{"start":{"line":134,"column":7},"end":{"line":null,"column":-1}},{"start":{"line":134,"column":7},"end":{"line":null,"column":-1}},{"start":{"line":134,"column":7},"end":{"line":null,"column":-1}},{"start":{"line":134,"column":7},"end":{"line":null,"column":-1}},{"start":{"line":134,"column":7},"end":{"line":null,"column":-1}}]},"6":{"loc":{"start":{"line":134,"column":7},"end":{"line":null,"column":-1}},"type":"if","locations":[{"start":{"line":134,"column":7},"end":{"line":null,"column":-1}},{"start":{"line":134,"column":7},"end":{"line":null,"column":-1}}]},"7":{"loc":{"start":{"line":168,"column":38},"end":{"line":168,"column":37}},"type":"binary-expr","locations":[{"start":{"line":168,"column":38},"end":{"line":168,"column":37}},{"start":{"line":168,"column":54},"end":{"line":168,"column":29}}]},"8":{"loc":{"start":{"line":180,"column":7},"end":{"line":181,"column":4}},"type":"switch","locations":[{"start":{"line":180,"column":7},"end":{"line":181,"column":4}},{"start":{"line":180,"column":7},"end":{"line":null,"column":-1}},{"start":{"line":180,"column":7},"end":{"line":null,"column":-1}},{"start":{"line":180,"column":7},"end":{"line":null,"column":-1}},{"start":{"line":180,"column":7},"end":{"line":null,"column":-1}},{"start":{"line":180,"column":7},"end":{"line":null,"column":-1}},{"start":{"line":180,"column":7},"end":{"line":null,"column":-1}},{"start":{"line":180,"column":7},"end":{"line":null,"column":-1}},{"start":{"line":180,"column":7},"end":{"line":null,"column":-1}},{"start":{"line":180,"column":7},"end":{"line":null,"column":-1}},{"start":{"line":180,"column":7},"end":{"line":null,"column":-1}},{"start":{"line":180,"column":7},"end":{"line":null,"column":-1}}]},"9":{"loc":{"start":{"line":180,"column":7},"end":{"line":null,"column":-1}},"type":"if","locations":[{"start":{"line":180,"column":7},"end":{"line":null,"column":-1}},{"start":{"line":180,"column":7},"end":{"line":null,"column":-1}}]},"10":{"loc":{"start":{"line":222,"column":7},"end":{"line":null,"column":-1}},"type":"switch","locations":[{"start":{"line":222,"column":7},"end":{"line":null,"column":-1}},{"start":{"line":222,"column":7},"end":{"line":null,"column":-1}},{"start":{"line":222,"column":7},"end":{"line":null,"column":-1}}]}},"s":{"0":0,"1":0,"2":0,"3":0,"4":0,"5":0,"6":0,"7":0,"8":0,"9":0,"10":0,"11":0,"12":0,"13":0,"14":0,"15":0,"16":0,"17":0,"18":0,"19":0,"20":0,"21":0,"22":0,"23":0,"24":0,"25":0,"26":0,"27":0,"28":0,"29":0,"30":0,"31":0,"32":0,"33":0,"34":0,"35":0,"36":0,"37":0,"38":0,"39":0,"40":0,"41":0,"42":0,"43":0,"44":0,"45":0,"46":0,"47":0,"48":0,"49":0,"50":0,"51":0,"52":0,"53":0,"54":0,"55":0,"56":0,"57":0,"58":0,"59":0,"60":0},"f":{"0":0,"1":0,"2":0,"3":0,"4":0,"5":0,"6":0,"7":0,"8":0,"9":0,"10":0,"11":0,"12":0,"13":0},"b":{"0":[0,0],"1":[0,0],"2":[0,0,0,0],"3":[0,0,0,0,0,0,0,0,0,0,0,0],"4":[0,0],"5":[0,0,0,0,0,0,0,0,0,0,0,0],"6":[0,0],"7":[0,0],"8":[0,0,0,0,0,0,0,0,0,0,0,0],"9":[0,0],"10":[0,0,0]}}
,"D:\\REact\\react\\src\\client\\ducks\\filters.js": {"path":"D:\\REact\\react\\src\\client\\ducks\\filters.js","statementMap":{"0":{"start":{"line":1,"column":0},"end":{"line":null,"column":-1}},"1":{"start":{"line":2,"column":0},"end":{"line":null,"column":-1}},"2":{"start":{"line":8,"column":13},"end":{"line":8,"column":7}},"3":{"start":{"line":9,"column":6},"end":{"line":9,"column":0}},"4":{"start":{"line":11,"column":13},"end":{"line":11,"column":7}},"5":{"start":{"line":16,"column":30},"end":{"line":16,"column":0}},"6":{"start":{"line":21,"column":13},"end":{"line":21,"column":7}},"7":{"start":{"line":25,"column":69},"end":{"line":25,"column":68}},"8":{"start":{"line":25,"column":69},"end":{"line":null,"column":-1}},"9":{"start":{"line":26,"column":30},"end":{"line":25,"column":69}},"10":{"start":{"line":28,"column":4},"end":{"line":null,"column":-1}},"11":{"start":{"line":30,"column":12},"end":{"line":null,"column":-1}},"12":{"start":{"line":34,"column":12},"end":{"line":null,"column":-1}},"13":{"start":{"line":46,"column":4},"end":{"line":null,"column":-1}}},"fnMap":{"0":{"name":"reducer","decl":{"start":{"line":25,"column":24},"end":{"line":25,"column":15}},"loc":{"start":{"line":25,"column":69},"end":{"line":36,"column":1}}},"1":{"name":"filterByAuthorAlphabet","decl":{"start":{"line":45,"column":16},"end":{"line":45,"column":7}},"loc":{"start":{"line":45,"column":50},"end":{"line":50,"column":1}}}},"branchMap":{"0":{"loc":{"start":{"line":25,"column":69},"end":{"line":25,"column":39}},"type":"cond-expr","locations":[{"start":{"line":25,"column":69},"end":{"line":25,"column":39}},{"start":{"line":25,"column":40},"end":{"line":25,"column":69}}]},"1":{"loc":{"start":{"line":25,"column":69},"end":{"line":25,"column":39}},"type":"binary-expr","locations":[{"start":{"line":25,"column":69},"end":{"line":25,"column":39}},{"start":{"line":25,"column":69},"end":{"line":25,"column":39}}]},"2":{"loc":{"start":{"line":29,"column":8},"end":{"line":30,"column":12}},"type":"switch","locations":[{"start":{"line":29,"column":8},"end":{"line":30,"column":12}},{"start":{"line":33,"column":8},"end":{"line":34,"column":12}}]}},"s":{"0":0,"1":0,"2":0,"3":0,"4":0,"5":0,"6":0,"7":0,"8":0,"9":0,"10":0,"11":0,"12":0,"13":0},"f":{"0":0,"1":0},"b":{"0":[0,0],"1":[0,0],"2":[0,0]}}
,"D:\\REact\\react\\src\\client\\redux\\index.js": {"path":"D:\\REact\\react\\src\\client\\redux\\index.js","statementMap":{"0":{"start":{"line":1,"column":0},"end":{"line":null,"column":-1}},"1":{"start":{"line":2,"column":0},"end":{"line":null,"column":-1}},"2":{"start":{"line":3,"column":0},"end":{"line":null,"column":-1}},"3":{"start":{"line":4,"column":0},"end":{"line":null,"column":-1}},"4":{"start":{"line":5,"column":0},"end":{"line":null,"column":-1}},"5":{"start":{"line":7,"column":13},"end":{"line":7,"column":7}},"6":{"start":{"line":10,"column":4},"end":{"line":9,"column":0}},"7":{"start":{"line":17,"column":30},"end":{"line":17,"column":0}},"8":{"start":{"line":19,"column":0},"end":{"line":null,"column":-1}},"9":{"start":{"line":21,"column":0},"end":{"line":23,"column":1}},"10":{"start":{"line":22,"column":4},"end":{"line":null,"column":-1}},"11":{"start":{"line":25,"column":17},"end":{"line":25,"column":0}},"12":{"start":{"line":28,"column":18},"end":{"line":28,"column":4}},"13":{"start":{"line":30,"column":4},"end":{"line":null,"column":-1}},"14":{"start":{"line":31,"column":4},"end":{"line":null,"column":-1}},"15":{"start":{"line":31,"column":18},"end":{"line":null,"column":-1}},"16":{"start":{"line":32,"column":4},"end":{"line":null,"column":-1}},"17":{"start":{"line":34,"column":4},"end":{"line":null,"column":-1}}},"fnMap":{"0":{"name":"(anonymous_4)","decl":{"start":{"line":31,"column":18},"end":{"line":null,"column":-1}},"loc":{"start":{"line":31,"column":18},"end":{"line":31,"column":4}}}},"branchMap":{"0":{"loc":{"start":{"line":12,"column":8},"end":{"line":10,"column":4}},"type":"cond-expr","locations":[{"start":{"line":12,"column":8},"end":{"line":10,"column":4}},{"start":{"line":10,"column":4},"end":{"line":9,"column":0}}]},"1":{"loc":{"start":{"line":10,"column":4},"end":{"line":10,"column":3}},"type":"binary-expr","locations":[{"start":{"line":10,"column":4},"end":{"line":10,"column":3}},{"start":{"line":11,"column":4},"end":{"line":10,"column":4}}]},"2":{"loc":{"start":{"line":10,"column":4},"end":{"line":10,"column":10}},"type":"cond-expr","locations":[{"start":{"line":10,"column":4},"end":{"line":10,"column":10}},{"start":{"line":10,"column":4},"end":{"line":10,"column":21}}]},"3":{"loc":{"start":{"line":21,"column":0},"end":{"line":23,"column":1}},"type":"if","locations":[{"start":{"line":21,"column":0},"end":{"line":23,"column":1}},{"start":{"line":21,"column":0},"end":{"line":23,"column":1}}]}},"s":{"0":0,"1":0,"2":0,"3":0,"4":0,"5":0,"6":0,"7":0,"8":0,"9":0,"10":0,"11":0,"12":0,"13":0,"14":0,"15":0,"16":0,"17":0},"f":{"0":0},"b":{"0":[0,0],"1":[0,0],"2":[0,0],"3":[0,0]}}
,"D:\\REact\\react\\src\\client\\redux\\reducer.js": {"path":"D:\\REact\\react\\src\\client\\redux\\reducer.js","statementMap":{"0":{"start":{"line":1,"column":0},"end":{"line":null,"column":-1}},"1":{"start":{"line":2,"column":0},"end":{"line":null,"column":-1}},"2":{"start":{"line":3,"column":0},"end":{"line":null,"column":-1}},"3":{"start":{"line":4,"column":0},"end":{"line":null,"column":-1}},"4":{"start":{"line":5,"column":0},"end":{"line":null,"column":-1}}},"fnMap":{},"branchMap":{},"s":{"0":0,"1":0,"2":0,"3":0,"4":0},"f":{},"b":{}}
,"D:\\REact\\react\\src\\client\\redux\\saga.js": {"path":"D:\\REact\\react\\src\\client\\redux\\saga.js","statementMap":{"0":{"start":{"line":1,"column":0},"end":{"line":null,"column":-1}},"1":{"start":{"line":2,"column":0},"end":{"line":null,"column":-1}},"2":{"start":{"line":3,"column":0},"end":{"line":null,"column":-1}},"3":{"start":{"line":6,"column":15},"end":{"line":null,"column":-1}}},"fnMap":{"0":{"name":"_callee","decl":{"start":{"line":6,"column":15},"end":{"line":null,"column":-1}},"loc":{"start":{"line":6,"column":15},"end":{"line":null,"column":-1}}}},"branchMap":{"0":{"loc":{"start":{"line":6,"column":15},"end":{"line":null,"column":-1}},"type":"switch","locations":[{"start":{"line":6,"column":15},"end":{"line":null,"column":-1}},{"start":{"line":6,"column":15},"end":{"line":null,"column":-1}},{"start":{"line":6,"column":15},"end":{"line":null,"column":-1}}]}},"s":{"0":0,"1":0,"2":0,"3":0},"f":{"0":0},"b":{"0":[0,0,0]}}
,"D:\\REact\\react\\src\\server\\handleRender.jsx": {"path":"D:\\REact\\react\\src\\server\\handleRender.jsx","statementMap":{"0":{"start":{"line":1,"column":0},"end":{"line":null,"column":-1}},"1":{"start":{"line":2,"column":0},"end":{"line":null,"column":-1}},"2":{"start":{"line":3,"column":0},"end":{"line":null,"column":-1}},"3":{"start":{"line":4,"column":0},"end":{"line":null,"column":-1}},"4":{"start":{"line":6,"column":0},"end":{"line":null,"column":-1}},"5":{"start":{"line":7,"column":0},"end":{"line":null,"column":-1}},"6":{"start":{"line":9,"column":0},"end":{"line":null,"column":-1}},"7":{"start":{"line":12,"column":18},"end":{"line":12,"column":4}},"8":{"start":{"line":14,"column":20},"end":{"line":14,"column":4}},"9":{"start":{"line":16,"column":8},"end":{"line":15,"column":4}},"10":{"start":{"line":23,"column":4},"end":{"line":null,"column":-1}},"11":{"start":{"line":24,"column":21},"end":{"line":24,"column":8}},"12":{"start":{"line":26,"column":8},"end":{"line":29,"column":9}},"13":{"start":{"line":28,"column":12},"end":{"line":null,"column":-1}},"14":{"start":{"line":32,"column":34},"end":{"line":32,"column":8}},"15":{"start":{"line":34,"column":38},"end":{"line":23,"column":40}},"16":{"start":{"line":36,"column":14},"end":{"line":36,"column":8}},"17":{"start":{"line":42,"column":8},"end":{"line":null,"column":-1}},"18":{"start":{"line":49,"column":4},"end":{"line":null,"column":-1}},"19":{"start":{"line":52,"column":4},"end":{"line":null,"column":-1}}},"fnMap":{"0":{"name":"handleRender","decl":{"start":{"line":11,"column":9},"end":{"line":11,"column":0}},"loc":{"start":{"line":11,"column":32},"end":{"line":53,"column":1}}},"1":{"name":"(anonymous_3)","decl":{"start":{"line":23,"column":34},"end":{"line":23,"column":39}},"loc":{"start":{"line":23,"column":40},"end":{"line":23,"column":4}}}},"branchMap":{"0":{"loc":{"start":{"line":26,"column":8},"end":{"line":29,"column":9}},"type":"if","locations":[{"start":{"line":26,"column":8},"end":{"line":29,"column":9}},{"start":{"line":26,"column":8},"end":{"line":29,"column":9}}]}},"s":{"0":0,"1":0,"2":0,"3":0,"4":0,"5":0,"6":0,"7":0,"8":0,"9":0,"10":0,"11":0,"12":0,"13":0,"14":0,"15":0,"16":0,"17":0,"18":0,"19":0},"f":{"0":0,"1":0},"b":{"0":[0,0]}}
,"D:\\REact\\react\\src\\server\\index.js": {"path":"D:\\REact\\react\\src\\server\\index.js","statementMap":{"0":{"start":{"line":1,"column":0},"end":{"line":null,"column":-1}},"1":{"start":{"line":2,"column":0},"end":{"line":null,"column":-1}},"2":{"start":{"line":3,"column":0},"end":{"line":null,"column":-1}},"3":{"start":{"line":5,"column":13},"end":{"line":5,"column":0}},"4":{"start":{"line":6,"column":15},"end":{"line":6,"column":0}},"5":{"start":{"line":9,"column":0},"end":{"line":null,"column":-1}},"6":{"start":{"line":10,"column":0},"end":{"line":null,"column":-1}},"7":{"start":{"line":12,"column":0},"end":{"line":null,"column":-1}},"8":{"start":{"line":13,"column":0},"end":{"line":null,"column":-1}},"9":{"start":{"line":15,"column":0},"end":{"line":null,"column":-1}},"10":{"start":{"line":16,"column":4},"end":{"line":null,"column":-1}}},"fnMap":{"0":{"name":"(anonymous_1)","decl":{"start":{"line":15,"column":20},"end":{"line":15,"column":25}},"loc":{"start":{"line":15,"column":26},"end":{"line":15,"column":0}}}},"branchMap":{},"s":{"0":0,"1":0,"2":0,"3":0,"4":0,"5":0,"6":0,"7":0,"8":0,"9":0,"10":0},"f":{"0":0},"b":{}}
}
